<?xml version="1.0" encoding="UTF-8"?>
<!-- Generated by org.testng.reporters.JUnitXMLReporter -->
<testsuite ignored="0" hostname="Mds-MacBook-Pro.local" failures="0" tests="3" name="Default test" time="0.489" errors="0" timestamp="2024-09-13T00:07:27 EDT">
  <testcase classname="xampp_database.College" name="testDB1" time="0.39"/>
  <testcase classname="xampp_database.College" name="testDB2" time="0.014"/>
  <testcase classname="xampp_database.College" name="testDB3" time="0.032"/>
</testsuite> <!-- Default test -->
